  [4;36;1mSQL (0.1ms)[0m   [0;1mSET SQL_AUTO_IS_NULL=0[0m
  [4;35;1mSQL (0.2ms)[0m   [0mSHOW TABLES[0m
  [4;36;1mSQL (205.9ms)[0m   [0;1mCREATE TABLE `schema_migrations` (`version` varchar(255) NOT NULL) ENGINE=InnoDB[0m
  [4;35;1mSQL (373.1ms)[0m   [0mCREATE UNIQUE INDEX `unique_schema_migrations` ON `schema_migrations` (`version`)[0m
  [4;36;1mSQL (0.3ms)[0m   [0;1mSHOW TABLES[0m
  [4;35;1mSQL (0.3ms)[0m   [0mSHOW TABLES[0m
  [4;36;1mSQL (0.3ms)[0m   [0;1mSELECT version FROM schema_migrations[0m
  [4;35;1mSQL (0.2ms)[0m   [0mSHOW TABLES[0m
  [4;36;1mSQL (0.1ms)[0m   [0;1mSET SQL_AUTO_IS_NULL=0[0m
  [4;35;1mSQL (0.4ms)[0m   [0mSHOW TABLES[0m
  [4;36;1mSQL (0.3ms)[0m   [0;1mSHOW TABLES[0m
  [4;35;1mSQL (0.1ms)[0m   [0mSELECT version FROM schema_migrations[0m
  [4;36;1mSQL (0.2ms)[0m   [0;1mSHOW TABLES[0m
  [4;36;1mSQL (0.1ms)[0m   [0;1mSET SQL_AUTO_IS_NULL=0[0m
  [4;36;1mSQL (0.1ms)[0m   [0;1mSET SQL_AUTO_IS_NULL=0[0m
  [4;35;1mSQL (0.3ms)[0m   [0mCREATE DATABASE `kegerator` DEFAULT CHARACTER SET `utf8` COLLATE `utf8_general_ci`[0m
  [4;36;1mSQL (0.1ms)[0m   [0;1mSET SQL_AUTO_IS_NULL=0[0m
  [4;35;1mSQL (0.3ms)[0m   [0mSHOW TABLES[0m
  [4;36;1mSQL (206.0ms)[0m   [0;1mCREATE TABLE `schema_migrations` (`version` varchar(255) NOT NULL) ENGINE=InnoDB[0m
  [4;35;1mSQL (350.9ms)[0m   [0mCREATE UNIQUE INDEX `unique_schema_migrations` ON `schema_migrations` (`version`)[0m
  [4;36;1mSQL (0.3ms)[0m   [0;1mSHOW TABLES[0m
  [4;35;1mSQL (0.3ms)[0m   [0mSHOW TABLES[0m
  [4;36;1mSQL (0.3ms)[0m   [0;1mSELECT version FROM schema_migrations[0m
  [4;35;1mSQL (0.2ms)[0m   [0mSHOW TABLES[0m
  [4;36;1mSQL (0.1ms)[0m   [0;1mSET SQL_AUTO_IS_NULL=0[0m
  [4;35;1mSQL (0.4ms)[0m   [0mSHOW TABLES[0m
  [4;36;1mSQL (0.3ms)[0m   [0;1mSHOW TABLES[0m
  [4;35;1mSQL (0.1ms)[0m   [0mSELECT version FROM schema_migrations[0m
  [4;36;1mSQL (0.2ms)[0m   [0;1mSHOW TABLES[0m
  [4;36;1mSQL (0.1ms)[0m   [0;1mSET SQL_AUTO_IS_NULL=0[0m
  [4;35;1mSQL (0.3ms)[0m   [0mSHOW TABLES[0m
  [4;36;1mSQL (0.2ms)[0m   [0;1mSHOW TABLES[0m
  [4;35;1mSQL (0.1ms)[0m   [0mSELECT version FROM schema_migrations[0m
  [4;36;1mSQL (0.2ms)[0m   [0;1mSHOW TABLES[0m
  [4;36;1mSQL (0.1ms)[0m   [0;1mSET SQL_AUTO_IS_NULL=0[0m
  [4;35;1mSQL (0.3ms)[0m   [0mSHOW TABLES[0m
  [4;36;1mSQL (0.1ms)[0m   [0;1mSELECT version FROM schema_migrations[0m
Migrating to CreateKegs (20100706130510)
  [4;35;1mSQL (160.3ms)[0m   [0mCREATE TABLE `kegs` (`id` int(11) DEFAULT NULL auto_increment PRIMARY KEY, `kegweight` int(11), `kegtemp` float, `created_at` datetime, `updated_at` datetime) ENGINE=InnoDB[0m
  [4;36;1mSQL (77.6ms)[0m   [0;1mINSERT INTO schema_migrations (version) VALUES ('20100706130510')[0m
  [4;35;1mSQL (0.3ms)[0m   [0mSHOW TABLES[0m
  [4;36;1mSQL (0.2ms)[0m   [0;1mSELECT version FROM schema_migrations[0m
  [4;35;1mSQL (0.2ms)[0m   [0mSHOW TABLES[0m
  [4;36;1mSQL (0.9ms)[0m   [0;1mSHOW FIELDS FROM `kegs`[0m
  [4;35;1mSQL (0.7ms)[0m   [0mdescribe `kegs`[0m
  [4;36;1mSQL (24.9ms)[0m   [0;1mSHOW KEYS FROM `kegs`[0m
  [4;36;1mSQL (0.1ms)[0m   [0;1mSET SQL_AUTO_IS_NULL=0[0m
  [4;35;1mKeg Load (0.1ms)[0m   [0mSELECT * FROM `kegs` ORDER BY kegs.id DESC LIMIT 1[0m
  [4;36;1mKeg Columns (0.8ms)[0m   [0;1mSHOW FIELDS FROM `kegs`[0m
  [4;35;1mKeg Load (0.1ms)[0m   [0mSELECT * FROM `kegs` ORDER BY kegs.id DESC LIMIT 1[0m
  [4;36;1mKeg Load (0.1ms)[0m   [0;1mSELECT * FROM `kegs` ORDER BY kegs.id DESC LIMIT 1[0m
  [4;35;1mKeg Load (0.1ms)[0m   [0mSELECT * FROM `kegs` ORDER BY kegs.id DESC LIMIT 1[0m
  [4;36;1mKeg Load (0.1ms)[0m   [0;1mSELECT * FROM `kegs` ORDER BY kegs.id DESC LIMIT 1[0m
  [4;35;1mKeg Load (0.1ms)[0m   [0mSELECT * FROM `kegs` ORDER BY kegs.id DESC LIMIT 1[0m
  [4;36;1mKeg Load (0.1ms)[0m   [0;1mSELECT * FROM `kegs` ORDER BY kegs.id DESC LIMIT 1[0m
  [4;35;1mKeg Load (0.1ms)[0m   [0mSELECT * FROM `kegs` ORDER BY kegs.id DESC LIMIT 1[0m
  [4;36;1mSQL (0.1ms)[0m   [0;1mSET SQL_AUTO_IS_NULL=0[0m
  [4;35;1mKeg Load (0.3ms)[0m   [0mSELECT * FROM `kegs` ORDER BY kegs.id DESC LIMIT 1[0m
  [4;36;1mKeg Columns (1.0ms)[0m   [0;1mSHOW FIELDS FROM `kegs`[0m
  [4;35;1mKeg Load (0.1ms)[0m   [0mSELECT * FROM `kegs` ORDER BY kegs.id DESC LIMIT 1[0m
  [4;36;1mKeg Load (0.1ms)[0m   [0;1mSELECT * FROM `kegs` ORDER BY kegs.id DESC LIMIT 1[0m
  [4;35;1mKeg Load (0.1ms)[0m   [0mSELECT * FROM `kegs` ORDER BY kegs.id DESC LIMIT 1[0m
  [4;36;1mKeg Load (0.1ms)[0m   [0;1mSELECT * FROM `kegs` ORDER BY kegs.id DESC LIMIT 1[0m
  [4;35;1mKeg Load (0.1ms)[0m   [0mSELECT * FROM `kegs` ORDER BY kegs.id DESC LIMIT 1[0m
  [4;36;1mKeg Load (0.1ms)[0m   [0;1mSELECT * FROM `kegs` ORDER BY kegs.id DESC LIMIT 1[0m
  [4;35;1mKeg Load (0.1ms)[0m   [0mSELECT * FROM `kegs` ORDER BY kegs.id DESC LIMIT 1[0m
  [4;36;1mKeg Load (0.1ms)[0m   [0;1mSELECT * FROM `kegs` ORDER BY kegs.id DESC LIMIT 1[0m
  [4;35;1mKeg Load (0.1ms)[0m   [0mSELECT * FROM `kegs` ORDER BY kegs.id DESC LIMIT 1[0m
  [4;36;1mKeg Load (0.1ms)[0m   [0;1mSELECT * FROM `kegs` ORDER BY kegs.id DESC LIMIT 1[0m
  [4;35;1mKeg Load (0.1ms)[0m   [0mSELECT * FROM `kegs` ORDER BY kegs.id DESC LIMIT 1[0m
  [4;36;1mKeg Load (0.1ms)[0m   [0;1mSELECT * FROM `kegs` ORDER BY kegs.id DESC LIMIT 1[0m
  [4;36;1mSQL (0.1ms)[0m   [0;1mSET SQL_AUTO_IS_NULL=0[0m
  [4;35;1mSQL (0.0ms)[0m   [0mMysql::Error: Can't read dir of './kegerator/' (errno: 13): SHOW TABLES[0m
  [4;36;1mSQL (0.2ms)[0m   [0;1mSET SQL_AUTO_IS_NULL=0[0m
  [4;35;1mSQL (0.4ms)[0m   [0mSHOW TABLES[0m
  [4;36;1mSQL (0.0ms)[0m   [0;1mMysql::Error: Table 'kegerator.schema_migrations' doesn't exist: SELECT version FROM schema_migrations[0m
